[INFO] Scanning for projects...
[INFO] 
[INFO] -------------------< com.openportfolio:resume-maker >-------------------
[INFO] Building resume-maker 0.0.1-SNAPSHOT
[INFO]   from pom.xml
[INFO] --------------------------------[ jar ]---------------------------------
[INFO] 
[INFO] >>> spring-boot:3.2.3:run (default-cli) > test-compile @ resume-maker >>>
[INFO] 
[INFO] --- resources:3.3.1:resources (default-resources) @ resume-maker ---
[INFO] Copying 1 resource from src/main/resources to target/classes
[INFO] Copying 42 resources from src/main/resources to target/classes
[INFO] 
[INFO] --- compiler:3.11.0:compile (default-compile) @ resume-maker ---
[INFO] Nothing to compile - all classes are up to date
[INFO] 
[INFO] --- resources:3.3.1:testResources (default-testResources) @ resume-maker ---
[INFO] skip non existing resourceDirectory /home/Tanush/Antigravity/resume-maker/src/test/resources
[INFO] 
[INFO] --- compiler:3.11.0:testCompile (default-testCompile) @ resume-maker ---
[INFO] Nothing to compile - all classes are up to date
[INFO] 
[INFO] <<< spring-boot:3.2.3:run (default-cli) < test-compile @ resume-maker <<<
[INFO] 
[INFO] 
[INFO] --- spring-boot:3.2.3:run (default-cli) @ resume-maker ---
[INFO] Attaching agents: []

  .   ____          _            __ _ _
 /\\ / ___'_ __ _ _(_)_ __  __ _ \ \ \ \
( ( )\___ | '_ | '_| | '_ \/ _` | \ \ \ \
 \\/  ___)| |_)| | | | | || (_| |  ) ) ) )
  '  |____| .__|_| |_|_| |_\__, | / / / /
 =========|_|==============|___/=/_/_/_/
 :: Spring Boot ::                (v3.2.3)

2026-03-05T23:24:37.329+05:30  INFO 66432 --- [resume-maker] [           main] c.o.resume_maker.ResumeMakerApplication  : Starting ResumeMakerApplication using Java 21.0.10 with PID 66432 (/home/Tanush/Antigravity/resume-maker/target/classes started by Tanush in /home/Tanush/Antigravity/resume-maker)
2026-03-05T23:24:37.333+05:30  INFO 66432 --- [resume-maker] [           main] c.o.resume_maker.ResumeMakerApplication  : No active profile set, falling back to 1 default profile: "default"
2026-03-05T23:24:38.317+05:30  INFO 66432 --- [resume-maker] [           main] .s.d.r.c.RepositoryConfigurationDelegate : Bootstrapping Spring Data JPA repositories in DEFAULT mode.
2026-03-05T23:24:38.466+05:30  INFO 66432 --- [resume-maker] [           main] .s.d.r.c.RepositoryConfigurationDelegate : Finished Spring Data repository scanning in 139 ms. Found 7 JPA repository interfaces.
2026-03-05T23:24:39.291+05:30  INFO 66432 --- [resume-maker] [           main] o.s.b.w.embedded.tomcat.TomcatWebServer  : Tomcat initialized with port 8080 (http)
2026-03-05T23:24:39.311+05:30  INFO 66432 --- [resume-maker] [           main] o.apache.catalina.core.StandardService   : Starting service [Tomcat]
2026-03-05T23:24:39.311+05:30  INFO 66432 --- [resume-maker] [           main] o.apache.catalina.core.StandardEngine    : Starting Servlet engine: [Apache Tomcat/10.1.19]
2026-03-05T23:24:39.399+05:30  INFO 66432 --- [resume-maker] [           main] o.a.c.c.C.[Tomcat].[localhost].[/]       : Initializing Spring embedded WebApplicationContext
2026-03-05T23:24:39.401+05:30  INFO 66432 --- [resume-maker] [           main] w.s.c.ServletWebServerApplicationContext : Root WebApplicationContext: initialization completed in 1973 ms
2026-03-05T23:24:39.658+05:30  INFO 66432 --- [resume-maker] [           main] o.hibernate.jpa.internal.util.LogHelper  : HHH000204: Processing PersistenceUnitInfo [name: default]
2026-03-05T23:24:39.726+05:30  INFO 66432 --- [resume-maker] [           main] org.hibernate.Version                    : HHH000412: Hibernate ORM core version 6.4.4.Final
2026-03-05T23:24:39.785+05:30  INFO 66432 --- [resume-maker] [           main] o.h.c.internal.RegionFactoryInitiator    : HHH000026: Second-level cache disabled
2026-03-05T23:24:40.080+05:30  INFO 66432 --- [resume-maker] [           main] o.s.o.j.p.SpringPersistenceUnitInfo      : No LoadTimeWeaver setup: ignoring JPA class transformer
2026-03-05T23:24:40.114+05:30  INFO 66432 --- [resume-maker] [           main] com.zaxxer.hikari.HikariDataSource       : HikariPool-1 - Starting...
2026-03-05T23:24:40.342+05:30  INFO 66432 --- [resume-maker] [           main] com.zaxxer.hikari.pool.HikariPool        : HikariPool-1 - Added connection com.mysql.cj.jdbc.ConnectionImpl@639c7f9c
2026-03-05T23:24:40.350+05:30  INFO 66432 --- [resume-maker] [           main] com.zaxxer.hikari.HikariDataSource       : HikariPool-1 - Start completed.
2026-03-05T23:24:40.428+05:30  WARN 66432 --- [resume-maker] [           main] o.h.e.j.e.i.JdbcEnvironmentInitiator     : HHH000339: Could not obtain connection metadata: java.sql.SQLSyntaxErrorException: Unknown column 'RESERVED' in 'WHERE'
2026-03-05T23:24:40.451+05:30  WARN 66432 --- [resume-maker] [           main] org.hibernate.orm.deprecation            : HHH90000025: MariaDBDialect does not need to be specified explicitly using 'hibernate.dialect' (remove the property setting and it will be selected by default)
2026-03-05T23:24:41.941+05:30  INFO 66432 --- [resume-maker] [           main] o.h.e.t.j.p.i.JtaPlatformInitiator       : HHH000489: No JTA platform available (set 'hibernate.transaction.jta.platform' to enable JTA platform integration)
2026-03-05T23:24:42.187+05:30  INFO 66432 --- [resume-maker] [           main] j.LocalContainerEntityManagerFactoryBean : Initialized JPA EntityManagerFactory for persistence unit 'default'
2026-03-05T23:24:42.715+05:30  INFO 66432 --- [resume-maker] [           main] o.s.d.j.r.query.QueryEnhancerFactory     : Hibernate is in classpath; If applicable, HQL parser will be used.
2026-03-05T23:24:43.631+05:30  WARN 66432 --- [resume-maker] [           main] JpaBaseConfiguration$JpaWebConfiguration : spring.jpa.open-in-view is enabled by default. Therefore, database queries may be performed during view rendering. Explicitly configure spring.jpa.open-in-view to disable this warning
2026-03-05T23:24:43.671+05:30  INFO 66432 --- [resume-maker] [           main] o.s.b.a.w.s.WelcomePageHandlerMapping    : Adding welcome page template: index
2026-03-05T23:24:44.256+05:30  INFO 66432 --- [resume-maker] [           main] o.s.b.w.embedded.tomcat.TomcatWebServer  : Tomcat started on port 8080 (http) with context path ''
2026-03-05T23:24:44.271+05:30  INFO 66432 --- [resume-maker] [           main] c.o.resume_maker.ResumeMakerApplication  : Started ResumeMakerApplication in 7.511 seconds (process running for 8.149)
2026-03-05T23:24:47.219+05:30  INFO 66432 --- [resume-maker] [nio-8080-exec-2] o.a.c.c.C.[Tomcat].[localhost].[/]       : Initializing Spring DispatcherServlet 'dispatcherServlet'
2026-03-05T23:24:47.220+05:30  INFO 66432 --- [resume-maker] [nio-8080-exec-2] o.s.web.servlet.DispatcherServlet        : Initializing Servlet 'dispatcherServlet'
2026-03-05T23:24:47.225+05:30  INFO 66432 --- [resume-maker] [nio-8080-exec-2] o.s.web.servlet.DispatcherServlet        : Completed initialization in 4 ms
[LATEX-OUT] This is pdfTeX, Version 3.141592653-2.6-1.40.29 (TeX Live 2026/Arch Linux) (preloaded format=pdflatex)
[LATEX-OUT]  restricted \write18 enabled.
[LATEX-OUT] entering extended mode
[LATEX-OUT] (./cv.tex
[LATEX-OUT] LaTeX2e <2025-11-01>
[LATEX-OUT] L3 programming layer <2026-01-19>
[LATEX-OUT] (/usr/share/texmf-dist/tex/latex/base/article.cls
[LATEX-OUT] Document Class: article 2025/01/22 v1.4n Standard LaTeX document class
[LATEX-OUT] (/usr/share/texmf-dist/tex/latex/base/size12.clo))
[LATEX-OUT] (/usr/share/texmf-dist/tex/latex/url/url.sty)
[LATEX-OUT] (/usr/share/texmf-dist/tex/latex/parskip/parskip.sty
[LATEX-OUT] (/usr/share/texmf-dist/tex/latex/kvoptions/kvoptions.sty
[LATEX-OUT] (/usr/share/texmf-dist/tex/latex/graphics/keyval.sty)
[LATEX-OUT] (/usr/share/texmf-dist/tex/generic/ltxcmds/ltxcmds.sty)
[LATEX-OUT] (/usr/share/texmf-dist/tex/latex/kvsetkeys/kvsetkeys.sty))
[LATEX-OUT] (/usr/share/texmf-dist/tex/latex/etoolbox/etoolbox.sty))
[LATEX-OUT] (/usr/share/texmf-dist/tex/latex/graphics/color.sty
[LATEX-OUT] (/usr/share/texmf-dist/tex/latex/graphics-cfg/color.cfg)
[LATEX-OUT] (/usr/share/texmf-dist/tex/latex/graphics-def/pdftex.def)
[LATEX-OUT] (/usr/share/texmf-dist/tex/latex/graphics/mathcolor.ltx))
[LATEX-OUT] (/usr/share/texmf-dist/tex/latex/graphics/graphicx.sty
[LATEX-OUT] (/usr/share/texmf-dist/tex/latex/graphics/graphics.sty
[LATEX-OUT] (/usr/share/texmf-dist/tex/latex/graphics/trig.sty)
[LATEX-OUT] (/usr/share/texmf-dist/tex/latex/graphics-cfg/graphics.cfg)))
[LATEX-OUT] (/usr/share/texmf-dist/tex/latex/xcolor/xcolor.sty
[LATEX-OUT] (/usr/share/texmf-dist/tex/latex/graphics-cfg/color.cfg)
[LATEX-OUT] 
[LATEX-OUT] Package xcolor Warning: Package option `usenames' is obsolete and ignored on in
[LATEX-OUT] put line 265.
[LATEX-OUT] 
[LATEX-OUT] (/usr/share/texmf-dist/tex/latex/graphics/mathcolor.ltx))
[LATEX-OUT] (/usr/share/texmf-dist/tex/latex/graphics/dvipsnam.def)
[LATEX-OUT] (/usr/share/texmf-dist/tex/latex/geometry/geometry.sty
[LATEX-OUT] (/usr/share/texmf-dist/tex/generic/iftex/ifvtex.sty
[LATEX-OUT] (/usr/share/texmf-dist/tex/generic/iftex/iftex.sty)))
[LATEX-OUT] (/usr/share/texmf-dist/tex/latex/tools/tabularx.sty
[LATEX-OUT] (/usr/share/texmf-dist/tex/latex/tools/array.sty))
[LATEX-OUT] (/usr/share/texmf-dist/tex/latex/enumitem/enumitem.sty)
[LATEX-OUT] (/usr/share/texmf-dist/tex/latex/supertabular/supertabular.sty)
[LATEX-OUT] (/usr/share/texmf-dist/tex/latex/titlesec/titlesec.sty)
[LATEX-OUT] (/usr/share/texmf-dist/tex/latex/tools/multicol.sty)
[LATEX-OUT] (/usr/share/texmf-dist/tex/latex/multirow/multirow.sty)
[LATEX-OUT] (/usr/share/texmf-dist/tex/latex/biblatex/biblatex.sty
[LATEX-OUT] (/usr/share/texmf-dist/tex/generic/pdftexcmds/pdftexcmds.sty
[LATEX-OUT] (/usr/share/texmf-dist/tex/generic/infwarerr/infwarerr.sty))
[LATEX-OUT] (/usr/share/texmf-dist/tex/latex/logreq/logreq.sty
[LATEX-OUT] (/usr/share/texmf-dist/tex/latex/logreq/logreq.def))
[LATEX-OUT] (/usr/share/texmf-dist/tex/latex/base/ifthen.sty)
[LATEX-OUT] (/usr/share/texmf-dist/tex/latex/biblatex/blx-dm.def)
[LATEX-OUT] (/usr/share/texmf-dist/tex/latex/biblatex/blx-compat.def)
[LATEX-OUT] (/usr/share/texmf-dist/tex/latex/biblatex/biblatex.def)
[LATEX-OUT] (/usr/share/texmf-dist/tex/latex/biblatex/bbx/authoryear.bbx
[LATEX-OUT] (/usr/share/texmf-dist/tex/latex/biblatex/bbx/standard.bbx))
[LATEX-OUT] (/usr/share/texmf-dist/tex/latex/biblatex/cbx/authoryear.cbx)
[LATEX-OUT] (/usr/share/texmf-dist/tex/latex/biblatex/biblatex.cfg)
[LATEX-OUT] (/usr/share/texmf-dist/tex/latex/l3kernel/expl3.sty
[LATEX-OUT] (/usr/share/texmf-dist/tex/latex/l3backend/l3backend-pdftex.def))
[LATEX-OUT] (/usr/share/texmf-dist/tex/latex/biblatex/blx-case-expl3.sty
[LATEX-OUT] (/usr/share/texmf-dist/tex/latex/l3packages/xparse/xparse.sty)))
[LATEX-OUT] (/usr/share/texmf-dist/tex/latex/hyperref/hyperref.sty
[LATEX-OUT] (/usr/share/texmf-dist/tex/generic/kvdefinekeys/kvdefinekeys.sty)
[LATEX-OUT] (/usr/share/texmf-dist/tex/generic/pdfescape/pdfescape.sty)
[LATEX-OUT] (/usr/share/texmf-dist/tex/latex/hycolor/hycolor.sty)
[LATEX-OUT] (/usr/share/texmf-dist/tex/latex/hyperref/nameref.sty
[LATEX-OUT] (/usr/share/texmf-dist/tex/latex/refcount/refcount.sty)
[LATEX-OUT] (/usr/share/texmf-dist/tex/generic/gettitlestring/gettitlestring.sty))
[LATEX-OUT] (/usr/share/texmf-dist/tex/generic/stringenc/stringenc.sty)
[LATEX-OUT] (/usr/share/texmf-dist/tex/latex/hyperref/pd1enc.def)
[LATEX-OUT] (/usr/share/texmf-dist/tex/generic/intcalc/intcalc.sty)
[LATEX-OUT] (/usr/share/texmf-dist/tex/latex/hyperref/puenc.def)
[LATEX-OUT] (/usr/share/texmf-dist/tex/generic/bitset/bitset.sty
[LATEX-OUT] (/usr/share/texmf-dist/tex/generic/bigintcalc/bigintcalc.sty)))
[LATEX-OUT] (/usr/share/texmf-dist/tex/latex/hyperref/hpdftex.def
[LATEX-OUT] (/usr/share/texmf-dist/tex/latex/rerunfilecheck/rerunfilecheck.sty
[LATEX-OUT] (/usr/share/texmf-dist/tex/generic/uniquecounter/uniquecounter.sty)))
[LATEX-OUT] (/usr/share/texmf-dist/tex/latex/fontawesome5/fontawesome5.sty
[LATEX-OUT] (/usr/share/texmf-dist/tex/latex/l3packages/l3keys2e/l3keys2e.sty)
[LATEX-OUT] (/usr/share/texmf-dist/tex/latex/fontawesome5/fontawesome5-generic-helper.sty
[LATEX-OUT] (/usr/share/texmf-dist/tex/latex/fontawesome5/fontawesome5-mapping.def)))
[LATEX-OUT] (./cv.aux) (/usr/share/texmf-dist/tex/context/base/mkii/supp-pdf.mkii
[LATEX-OUT] [Loading MPS to PDF converter (version 2006.09.02).]
[LATEX-OUT] ) (/usr/share/texmf-dist/tex/latex/epstopdf-pkg/epstopdf-base.sty
[LATEX-OUT] (/usr/share/texmf-dist/tex/latex/latexconfig/epstopdf-sys.cfg))
[LATEX-OUT] *geometry* driver: auto-detecting
[LATEX-OUT] *geometry* detected driver: pdftex
[LATEX-OUT] (/usr/share/texmf-dist/tex/latex/biblatex/lbx/english.lbx)
[LATEX-OUT] No file cv.bbl.
[LATEX-OUT] (./cv.out) (./cv.out)
[LATEX-OUT] (/usr/share/texmf-dist/tex/latex/fontawesome5/ufontawesomefree1.fd) [1{/var/lib
[LATEX-OUT] /texmf/fonts/map/pdftex/updmap/pdftex.map}{/usr/share/texmf-dist/fonts/enc/dvip
[LATEX-OUT] s/fontawesome5/fa5free1.enc}] (./cv.aux) )</usr/share/texmf-dist/fonts/type1/pu
[LATEX-OUT] blic/fontawesome5/FontAwesome5Free-Solid.pfb></usr/share/texmf-dist/fonts/type1
[LATEX-OUT] /public/amsfonts/cm/cmr10.pfb></usr/share/texmf-dist/fonts/type1/public/amsfont
[LATEX-OUT] s/cm/cmr12.pfb></usr/share/texmf-dist/fonts/type1/public/amsfonts/cm/cmr17.pfb>
[LATEX-OUT] </usr/share/texmf-dist/fonts/type1/public/amsfonts/cm/cmsy10.pfb>
[LATEX-OUT] Output written on cv.pdf (1 page, 50656 bytes).
[LATEX-OUT] Transcript written on cv.log.
[LATEX-OUT] This is pdfTeX, Version 3.141592653-2.6-1.40.29 (TeX Live 2026/Arch Linux) (preloaded format=pdflatex)
[LATEX-OUT]  restricted \write18 enabled.
[LATEX-OUT] entering extended mode
[LATEX-OUT] (./cv.tex
[LATEX-OUT] LaTeX2e <2025-11-01>
[LATEX-OUT] L3 programming layer <2026-01-19>
[LATEX-OUT] (/usr/share/texmf-dist/tex/latex/base/article.cls
[LATEX-OUT] Document Class: article 2025/01/22 v1.4n Standard LaTeX document class
[LATEX-OUT] (/usr/share/texmf-dist/tex/latex/base/size12.clo))
[LATEX-OUT] (/usr/share/texmf-dist/tex/latex/url/url.sty)
[LATEX-OUT] (/usr/share/texmf-dist/tex/latex/parskip/parskip.sty
[LATEX-OUT] (/usr/share/texmf-dist/tex/latex/kvoptions/kvoptions.sty
[LATEX-OUT] (/usr/share/texmf-dist/tex/latex/graphics/keyval.sty)
[LATEX-OUT] (/usr/share/texmf-dist/tex/generic/ltxcmds/ltxcmds.sty)
[LATEX-OUT] (/usr/share/texmf-dist/tex/latex/kvsetkeys/kvsetkeys.sty))
[LATEX-OUT] (/usr/share/texmf-dist/tex/latex/etoolbox/etoolbox.sty))
[LATEX-OUT] (/usr/share/texmf-dist/tex/latex/graphics/color.sty
[LATEX-OUT] (/usr/share/texmf-dist/tex/latex/graphics-cfg/color.cfg)
[LATEX-OUT] (/usr/share/texmf-dist/tex/latex/graphics-def/pdftex.def)
[LATEX-OUT] (/usr/share/texmf-dist/tex/latex/graphics/mathcolor.ltx))
[LATEX-OUT] (/usr/share/texmf-dist/tex/latex/graphics/graphicx.sty
[LATEX-OUT] (/usr/share/texmf-dist/tex/latex/graphics/graphics.sty
[LATEX-OUT] (/usr/share/texmf-dist/tex/latex/graphics/trig.sty)
[LATEX-OUT] (/usr/share/texmf-dist/tex/latex/graphics-cfg/graphics.cfg)))
[LATEX-OUT] (/usr/share/texmf-dist/tex/latex/xcolor/xcolor.sty
[LATEX-OUT] (/usr/share/texmf-dist/tex/latex/graphics-cfg/color.cfg)
[LATEX-OUT] 
[LATEX-OUT] Package xcolor Warning: Package option `usenames' is obsolete and ignored on in
[LATEX-OUT] put line 265.
[LATEX-OUT] 
[LATEX-OUT] (/usr/share/texmf-dist/tex/latex/graphics/mathcolor.ltx))
[LATEX-OUT] (/usr/share/texmf-dist/tex/latex/graphics/dvipsnam.def)
[LATEX-OUT] (/usr/share/texmf-dist/tex/latex/geometry/geometry.sty
[LATEX-OUT] (/usr/share/texmf-dist/tex/generic/iftex/ifvtex.sty
[LATEX-OUT] (/usr/share/texmf-dist/tex/generic/iftex/iftex.sty)))
[LATEX-OUT] (/usr/share/texmf-dist/tex/latex/tools/tabularx.sty
[LATEX-OUT] (/usr/share/texmf-dist/tex/latex/tools/array.sty))
[LATEX-OUT] (/usr/share/texmf-dist/tex/latex/enumitem/enumitem.sty)
[LATEX-OUT] (/usr/share/texmf-dist/tex/latex/supertabular/supertabular.sty)
[LATEX-OUT] (/usr/share/texmf-dist/tex/latex/titlesec/titlesec.sty)
[LATEX-OUT] (/usr/share/texmf-dist/tex/latex/tools/multicol.sty)
[LATEX-OUT] (/usr/share/texmf-dist/tex/latex/multirow/multirow.sty)
[LATEX-OUT] (/usr/share/texmf-dist/tex/latex/biblatex/biblatex.sty
[LATEX-OUT] (/usr/share/texmf-dist/tex/generic/pdftexcmds/pdftexcmds.sty
[LATEX-OUT] (/usr/share/texmf-dist/tex/generic/infwarerr/infwarerr.sty))
[LATEX-OUT] (/usr/share/texmf-dist/tex/latex/logreq/logreq.sty
[LATEX-OUT] (/usr/share/texmf-dist/tex/latex/logreq/logreq.def))
[LATEX-OUT] (/usr/share/texmf-dist/tex/latex/base/ifthen.sty)
[LATEX-OUT] (/usr/share/texmf-dist/tex/latex/biblatex/blx-dm.def)
[LATEX-OUT] (/usr/share/texmf-dist/tex/latex/biblatex/blx-compat.def)
[LATEX-OUT] (/usr/share/texmf-dist/tex/latex/biblatex/biblatex.def)
[LATEX-OUT] (/usr/share/texmf-dist/tex/latex/biblatex/bbx/authoryear.bbx
[LATEX-OUT] (/usr/share/texmf-dist/tex/latex/biblatex/bbx/standard.bbx))
[LATEX-OUT] (/usr/share/texmf-dist/tex/latex/biblatex/cbx/authoryear.cbx)
[LATEX-OUT] (/usr/share/texmf-dist/tex/latex/biblatex/biblatex.cfg)
[LATEX-OUT] (/usr/share/texmf-dist/tex/latex/l3kernel/expl3.sty
[LATEX-OUT] (/usr/share/texmf-dist/tex/latex/l3backend/l3backend-pdftex.def))
[LATEX-OUT] (/usr/share/texmf-dist/tex/latex/biblatex/blx-case-expl3.sty
[LATEX-OUT] (/usr/share/texmf-dist/tex/latex/l3packages/xparse/xparse.sty)))
[LATEX-OUT] (/usr/share/texmf-dist/tex/latex/hyperref/hyperref.sty
[LATEX-OUT] (/usr/share/texmf-dist/tex/generic/kvdefinekeys/kvdefinekeys.sty)
[LATEX-OUT] (/usr/share/texmf-dist/tex/generic/pdfescape/pdfescape.sty)
[LATEX-OUT] (/usr/share/texmf-dist/tex/latex/hycolor/hycolor.sty)
[LATEX-OUT] (/usr/share/texmf-dist/tex/latex/hyperref/nameref.sty
[LATEX-OUT] (/usr/share/texmf-dist/tex/latex/refcount/refcount.sty)
[LATEX-OUT] (/usr/share/texmf-dist/tex/generic/gettitlestring/gettitlestring.sty))
[LATEX-OUT] (/usr/share/texmf-dist/tex/generic/stringenc/stringenc.sty)
[LATEX-OUT] (/usr/share/texmf-dist/tex/latex/hyperref/pd1enc.def)
[LATEX-OUT] (/usr/share/texmf-dist/tex/generic/intcalc/intcalc.sty)
[LATEX-OUT] (/usr/share/texmf-dist/tex/latex/hyperref/puenc.def)
[LATEX-OUT] (/usr/share/texmf-dist/tex/generic/bitset/bitset.sty
[LATEX-OUT] (/usr/share/texmf-dist/tex/generic/bigintcalc/bigintcalc.sty)))
[LATEX-OUT] (/usr/share/texmf-dist/tex/latex/hyperref/hpdftex.def
[LATEX-OUT] (/usr/share/texmf-dist/tex/latex/rerunfilecheck/rerunfilecheck.sty
[LATEX-OUT] (/usr/share/texmf-dist/tex/generic/uniquecounter/uniquecounter.sty)))
[LATEX-OUT] (/usr/share/texmf-dist/tex/latex/fontawesome5/fontawesome5.sty
[LATEX-OUT] (/usr/share/texmf-dist/tex/latex/l3packages/l3keys2e/l3keys2e.sty)
[LATEX-OUT] (/usr/share/texmf-dist/tex/latex/fontawesome5/fontawesome5-generic-helper.sty
[LATEX-OUT] (/usr/share/texmf-dist/tex/latex/fontawesome5/fontawesome5-mapping.def)))
[LATEX-OUT] (./cv.aux) (/usr/share/texmf-dist/tex/context/base/mkii/supp-pdf.mkii
[LATEX-OUT] [Loading MPS to PDF converter (version 2006.09.02).]
[LATEX-OUT] ) (/usr/share/texmf-dist/tex/latex/epstopdf-pkg/epstopdf-base.sty
[LATEX-OUT] (/usr/share/texmf-dist/tex/latex/latexconfig/epstopdf-sys.cfg))
[LATEX-OUT] *geometry* driver: auto-detecting
[LATEX-OUT] *geometry* detected driver: pdftex
[LATEX-OUT] (/usr/share/texmf-dist/tex/latex/biblatex/lbx/english.lbx)
[LATEX-OUT] No file cv.bbl.
[LATEX-OUT] (./cv.out) (./cv.out)
[LATEX-OUT] (/usr/share/texmf-dist/tex/latex/fontawesome5/ufontawesomefree1.fd) [1{/var/lib
[LATEX-OUT] /texmf/fonts/map/pdftex/updmap/pdftex.map}{/usr/share/texmf-dist/fonts/enc/dvip
[LATEX-OUT] s/fontawesome5/fa5free1.enc}] (./cv.aux) )</usr/share/texmf-dist/fonts/type1/pu
[LATEX-OUT] blic/fontawesome5/FontAwesome5Free-Solid.pfb></usr/share/texmf-dist/fonts/type1
[LATEX-OUT] /public/amsfonts/cm/cmr10.pfb></usr/share/texmf-dist/fonts/type1/public/amsfont
[LATEX-OUT] s/cm/cmr12.pfb></usr/share/texmf-dist/fonts/type1/public/amsfonts/cm/cmr17.pfb>
[LATEX-OUT] </usr/share/texmf-dist/fonts/type1/public/amsfonts/cm/cmsy10.pfb>
[LATEX-OUT] Output written on cv.pdf (1 page, 50656 bytes).
[LATEX-OUT] Transcript written on cv.log.
[LATEX-OUT] This is pdfTeX, Version 3.141592653-2.6-1.40.29 (TeX Live 2026/Arch Linux) (preloaded format=pdflatex)
[LATEX-OUT]  restricted \write18 enabled.
[LATEX-OUT] entering extended mode
[LATEX-OUT] (./cv.tex
[LATEX-OUT] LaTeX2e <2025-11-01>
[LATEX-OUT] L3 programming layer <2026-01-19>
[LATEX-OUT] (/usr/share/texmf-dist/tex/latex/base/article.cls
[LATEX-OUT] Document Class: article 2025/01/22 v1.4n Standard LaTeX document class
[LATEX-OUT] (/usr/share/texmf-dist/tex/latex/base/size12.clo))
[LATEX-OUT] (/usr/share/texmf-dist/tex/latex/url/url.sty)
[LATEX-OUT] (/usr/share/texmf-dist/tex/latex/parskip/parskip.sty
[LATEX-OUT] (/usr/share/texmf-dist/tex/latex/kvoptions/kvoptions.sty
[LATEX-OUT] (/usr/share/texmf-dist/tex/latex/graphics/keyval.sty)
[LATEX-OUT] (/usr/share/texmf-dist/tex/generic/ltxcmds/ltxcmds.sty)
[LATEX-OUT] (/usr/share/texmf-dist/tex/latex/kvsetkeys/kvsetkeys.sty))
[LATEX-OUT] (/usr/share/texmf-dist/tex/latex/etoolbox/etoolbox.sty))
[LATEX-OUT] (/usr/share/texmf-dist/tex/latex/graphics/color.sty
[LATEX-OUT] (/usr/share/texmf-dist/tex/latex/graphics-cfg/color.cfg)
[LATEX-OUT] (/usr/share/texmf-dist/tex/latex/graphics-def/pdftex.def)
[LATEX-OUT] (/usr/share/texmf-dist/tex/latex/graphics/mathcolor.ltx))
[LATEX-OUT] (/usr/share/texmf-dist/tex/latex/graphics/graphicx.sty
[LATEX-OUT] (/usr/share/texmf-dist/tex/latex/graphics/graphics.sty
[LATEX-OUT] (/usr/share/texmf-dist/tex/latex/graphics/trig.sty)
[LATEX-OUT] (/usr/share/texmf-dist/tex/latex/graphics-cfg/graphics.cfg)))
[LATEX-OUT] (/usr/share/texmf-dist/tex/latex/xcolor/xcolor.sty
[LATEX-OUT] (/usr/share/texmf-dist/tex/latex/graphics-cfg/color.cfg)
[LATEX-OUT] 
[LATEX-OUT] Package xcolor Warning: Package option `usenames' is obsolete and ignored on in
[LATEX-OUT] put line 265.
[LATEX-OUT] 
[LATEX-OUT] (/usr/share/texmf-dist/tex/latex/graphics/mathcolor.ltx))
[LATEX-OUT] (/usr/share/texmf-dist/tex/latex/graphics/dvipsnam.def)
[LATEX-OUT] (/usr/share/texmf-dist/tex/latex/geometry/geometry.sty
[LATEX-OUT] (/usr/share/texmf-dist/tex/generic/iftex/ifvtex.sty
[LATEX-OUT] (/usr/share/texmf-dist/tex/generic/iftex/iftex.sty)))
[LATEX-OUT] (/usr/share/texmf-dist/tex/latex/tools/tabularx.sty
[LATEX-OUT] (/usr/share/texmf-dist/tex/latex/tools/array.sty))
[LATEX-OUT] (/usr/share/texmf-dist/tex/latex/enumitem/enumitem.sty)
[LATEX-OUT] (/usr/share/texmf-dist/tex/latex/supertabular/supertabular.sty)
[LATEX-OUT] (/usr/share/texmf-dist/tex/latex/titlesec/titlesec.sty)
[LATEX-OUT] (/usr/share/texmf-dist/tex/latex/tools/multicol.sty)
[LATEX-OUT] (/usr/share/texmf-dist/tex/latex/multirow/multirow.sty)
[LATEX-OUT] (/usr/share/texmf-dist/tex/latex/biblatex/biblatex.sty
[LATEX-OUT] (/usr/share/texmf-dist/tex/generic/pdftexcmds/pdftexcmds.sty
[LATEX-OUT] (/usr/share/texmf-dist/tex/generic/infwarerr/infwarerr.sty))
[LATEX-OUT] (/usr/share/texmf-dist/tex/latex/logreq/logreq.sty
[LATEX-OUT] (/usr/share/texmf-dist/tex/latex/logreq/logreq.def))
[LATEX-OUT] (/usr/share/texmf-dist/tex/latex/base/ifthen.sty)
[LATEX-OUT] (/usr/share/texmf-dist/tex/latex/biblatex/blx-dm.def)
[LATEX-OUT] (/usr/share/texmf-dist/tex/latex/biblatex/blx-compat.def)
[LATEX-OUT] (/usr/share/texmf-dist/tex/latex/biblatex/biblatex.def)
[LATEX-OUT] (/usr/share/texmf-dist/tex/latex/biblatex/bbx/authoryear.bbx
[LATEX-OUT] (/usr/share/texmf-dist/tex/latex/biblatex/bbx/standard.bbx))
[LATEX-OUT] (/usr/share/texmf-dist/tex/latex/biblatex/cbx/authoryear.cbx)
[LATEX-OUT] (/usr/share/texmf-dist/tex/latex/biblatex/biblatex.cfg)
[LATEX-OUT] (/usr/share/texmf-dist/tex/latex/l3kernel/expl3.sty
[LATEX-OUT] (/usr/share/texmf-dist/tex/latex/l3backend/l3backend-pdftex.def))
[LATEX-OUT] (/usr/share/texmf-dist/tex/latex/biblatex/blx-case-expl3.sty
[LATEX-OUT] (/usr/share/texmf-dist/tex/latex/l3packages/xparse/xparse.sty)))
[LATEX-OUT] (/usr/share/texmf-dist/tex/latex/hyperref/hyperref.sty
[LATEX-OUT] (/usr/share/texmf-dist/tex/generic/kvdefinekeys/kvdefinekeys.sty)
[LATEX-OUT] (/usr/share/texmf-dist/tex/generic/pdfescape/pdfescape.sty)
[LATEX-OUT] (/usr/share/texmf-dist/tex/latex/hycolor/hycolor.sty)
[LATEX-OUT] (/usr/share/texmf-dist/tex/latex/hyperref/nameref.sty
[LATEX-OUT] (/usr/share/texmf-dist/tex/latex/refcount/refcount.sty)
[LATEX-OUT] (/usr/share/texmf-dist/tex/generic/gettitlestring/gettitlestring.sty))
[LATEX-OUT] (/usr/share/texmf-dist/tex/generic/stringenc/stringenc.sty)
[LATEX-OUT] (/usr/share/texmf-dist/tex/latex/hyperref/pd1enc.def)
[LATEX-OUT] (/usr/share/texmf-dist/tex/generic/intcalc/intcalc.sty)
[LATEX-OUT] (/usr/share/texmf-dist/tex/latex/hyperref/puenc.def)
[LATEX-OUT] (/usr/share/texmf-dist/tex/generic/bitset/bitset.sty
[LATEX-OUT] (/usr/share/texmf-dist/tex/generic/bigintcalc/bigintcalc.sty)))
[LATEX-OUT] (/usr/share/texmf-dist/tex/latex/hyperref/hpdftex.def
[LATEX-OUT] (/usr/share/texmf-dist/tex/latex/rerunfilecheck/rerunfilecheck.sty
[LATEX-OUT] (/usr/share/texmf-dist/tex/generic/uniquecounter/uniquecounter.sty)))
[LATEX-OUT] (/usr/share/texmf-dist/tex/latex/fontawesome5/fontawesome5.sty
[LATEX-OUT] (/usr/share/texmf-dist/tex/latex/l3packages/l3keys2e/l3keys2e.sty)
[LATEX-OUT] (/usr/share/texmf-dist/tex/latex/fontawesome5/fontawesome5-generic-helper.sty
[LATEX-OUT] (/usr/share/texmf-dist/tex/latex/fontawesome5/fontawesome5-mapping.def)))
[LATEX-OUT] (./cv.aux) (/usr/share/texmf-dist/tex/context/base/mkii/supp-pdf.mkii
[LATEX-OUT] [Loading MPS to PDF converter (version 2006.09.02).]
[LATEX-OUT] ) (/usr/share/texmf-dist/tex/latex/epstopdf-pkg/epstopdf-base.sty
[LATEX-OUT] (/usr/share/texmf-dist/tex/latex/latexconfig/epstopdf-sys.cfg))
[LATEX-OUT] *geometry* driver: auto-detecting
[LATEX-OUT] *geometry* detected driver: pdftex
[LATEX-OUT] (/usr/share/texmf-dist/tex/latex/biblatex/lbx/english.lbx)
[LATEX-OUT] No file cv.bbl.
[LATEX-OUT] (./cv.out) (./cv.out)
[LATEX-OUT] (/usr/share/texmf-dist/tex/latex/fontawesome5/ufontawesomefree1.fd) [1{/var/lib
[LATEX-OUT] /texmf/fonts/map/pdftex/updmap/pdftex.map}{/usr/share/texmf-dist/fonts/enc/dvip
[LATEX-OUT] s/fontawesome5/fa5free1.enc}] (./cv.aux) )</usr/share/texmf-dist/fonts/type1/pu
[LATEX-OUT] blic/fontawesome5/FontAwesome5Free-Solid.pfb></usr/share/texmf-dist/fonts/type1
[LATEX-OUT] /public/amsfonts/cm/cmr10.pfb></usr/share/texmf-dist/fonts/type1/public/amsfont
[LATEX-OUT] s/cm/cmr12.pfb></usr/share/texmf-dist/fonts/type1/public/amsfonts/cm/cmr17.pfb>
[LATEX-OUT] </usr/share/texmf-dist/fonts/type1/public/amsfonts/cm/cmsy10.pfb>
[LATEX-OUT] Output written on cv.pdf (1 page, 50656 bytes).
[LATEX-OUT] Transcript written on cv.log.
[LATEX-OUT] This is pdfTeX, Version 3.141592653-2.6-1.40.29 (TeX Live 2026/Arch Linux) (preloaded format=pdflatex)
[LATEX-OUT]  restricted \write18 enabled.
[LATEX-OUT] entering extended mode
[LATEX-OUT] (./cv.tex
[LATEX-OUT] LaTeX2e <2025-11-01>
[LATEX-OUT] L3 programming layer <2026-01-19>
[LATEX-OUT] (/usr/share/texmf-dist/tex/latex/base/article.cls
[LATEX-OUT] Document Class: article 2025/01/22 v1.4n Standard LaTeX document class
[LATEX-OUT] (/usr/share/texmf-dist/tex/latex/base/size12.clo))
[LATEX-OUT] (/usr/share/texmf-dist/tex/latex/url/url.sty)
[LATEX-OUT] (/usr/share/texmf-dist/tex/latex/parskip/parskip.sty
[LATEX-OUT] (/usr/share/texmf-dist/tex/latex/kvoptions/kvoptions.sty
[LATEX-OUT] (/usr/share/texmf-dist/tex/latex/graphics/keyval.sty)
[LATEX-OUT] (/usr/share/texmf-dist/tex/generic/ltxcmds/ltxcmds.sty)
[LATEX-OUT] (/usr/share/texmf-dist/tex/latex/kvsetkeys/kvsetkeys.sty))
[LATEX-OUT] (/usr/share/texmf-dist/tex/latex/etoolbox/etoolbox.sty))
[LATEX-OUT] (/usr/share/texmf-dist/tex/latex/graphics/color.sty
[LATEX-OUT] (/usr/share/texmf-dist/tex/latex/graphics-cfg/color.cfg)
[LATEX-OUT] (/usr/share/texmf-dist/tex/latex/graphics-def/pdftex.def)
[LATEX-OUT] (/usr/share/texmf-dist/tex/latex/graphics/mathcolor.ltx))
[LATEX-OUT] (/usr/share/texmf-dist/tex/latex/graphics/graphicx.sty
[LATEX-OUT] (/usr/share/texmf-dist/tex/latex/graphics/graphics.sty
[LATEX-OUT] (/usr/share/texmf-dist/tex/latex/graphics/trig.sty)
[LATEX-OUT] (/usr/share/texmf-dist/tex/latex/graphics-cfg/graphics.cfg)))
[LATEX-OUT] (/usr/share/texmf-dist/tex/latex/xcolor/xcolor.sty
[LATEX-OUT] (/usr/share/texmf-dist/tex/latex/graphics-cfg/color.cfg)
[LATEX-OUT] 
[LATEX-OUT] Package xcolor Warning: Package option `usenames' is obsolete and ignored on in
[LATEX-OUT] put line 265.
[LATEX-OUT] 
[LATEX-OUT] (/usr/share/texmf-dist/tex/latex/graphics/mathcolor.ltx))
[LATEX-OUT] (/usr/share/texmf-dist/tex/latex/graphics/dvipsnam.def)
[LATEX-OUT] (/usr/share/texmf-dist/tex/latex/geometry/geometry.sty
[LATEX-OUT] (/usr/share/texmf-dist/tex/generic/iftex/ifvtex.sty
[LATEX-OUT] (/usr/share/texmf-dist/tex/generic/iftex/iftex.sty)))
[LATEX-OUT] (/usr/share/texmf-dist/tex/latex/tools/tabularx.sty
[LATEX-OUT] (/usr/share/texmf-dist/tex/latex/tools/array.sty))
[LATEX-OUT] (/usr/share/texmf-dist/tex/latex/enumitem/enumitem.sty)
[LATEX-OUT] (/usr/share/texmf-dist/tex/latex/supertabular/supertabular.sty)
[LATEX-OUT] (/usr/share/texmf-dist/tex/latex/titlesec/titlesec.sty)
[LATEX-OUT] (/usr/share/texmf-dist/tex/latex/tools/multicol.sty)
[LATEX-OUT] (/usr/share/texmf-dist/tex/latex/multirow/multirow.sty)
[LATEX-OUT] (/usr/share/texmf-dist/tex/latex/biblatex/biblatex.sty
[LATEX-OUT] (/usr/share/texmf-dist/tex/generic/pdftexcmds/pdftexcmds.sty
[LATEX-OUT] (/usr/share/texmf-dist/tex/generic/infwarerr/infwarerr.sty))
[LATEX-OUT] (/usr/share/texmf-dist/tex/latex/logreq/logreq.sty
[LATEX-OUT] (/usr/share/texmf-dist/tex/latex/logreq/logreq.def))
[LATEX-OUT] (/usr/share/texmf-dist/tex/latex/base/ifthen.sty)
[LATEX-OUT] (/usr/share/texmf-dist/tex/latex/biblatex/blx-dm.def)
[LATEX-OUT] (/usr/share/texmf-dist/tex/latex/biblatex/blx-compat.def)
[LATEX-OUT] (/usr/share/texmf-dist/tex/latex/biblatex/biblatex.def)
[LATEX-OUT] (/usr/share/texmf-dist/tex/latex/biblatex/bbx/authoryear.bbx
[LATEX-OUT] (/usr/share/texmf-dist/tex/latex/biblatex/bbx/standard.bbx))
[LATEX-OUT] (/usr/share/texmf-dist/tex/latex/biblatex/cbx/authoryear.cbx)
[LATEX-OUT] (/usr/share/texmf-dist/tex/latex/biblatex/biblatex.cfg)
[LATEX-OUT] (/usr/share/texmf-dist/tex/latex/l3kernel/expl3.sty
[LATEX-OUT] (/usr/share/texmf-dist/tex/latex/l3backend/l3backend-pdftex.def))
[LATEX-OUT] (/usr/share/texmf-dist/tex/latex/biblatex/blx-case-expl3.sty
[LATEX-OUT] (/usr/share/texmf-dist/tex/latex/l3packages/xparse/xparse.sty)))
[LATEX-OUT] (/usr/share/texmf-dist/tex/latex/hyperref/hyperref.sty
[LATEX-OUT] (/usr/share/texmf-dist/tex/generic/kvdefinekeys/kvdefinekeys.sty)
[LATEX-OUT] (/usr/share/texmf-dist/tex/generic/pdfescape/pdfescape.sty)
[LATEX-OUT] (/usr/share/texmf-dist/tex/latex/hycolor/hycolor.sty)
[LATEX-OUT] (/usr/share/texmf-dist/tex/latex/hyperref/nameref.sty
[LATEX-OUT] (/usr/share/texmf-dist/tex/latex/refcount/refcount.sty)
[LATEX-OUT] (/usr/share/texmf-dist/tex/generic/gettitlestring/gettitlestring.sty))
[LATEX-OUT] (/usr/share/texmf-dist/tex/generic/stringenc/stringenc.sty)
[LATEX-OUT] (/usr/share/texmf-dist/tex/latex/hyperref/pd1enc.def)
[LATEX-OUT] (/usr/share/texmf-dist/tex/generic/intcalc/intcalc.sty)
[LATEX-OUT] (/usr/share/texmf-dist/tex/latex/hyperref/puenc.def)
[LATEX-OUT] (/usr/share/texmf-dist/tex/generic/bitset/bitset.sty
[LATEX-OUT] (/usr/share/texmf-dist/tex/generic/bigintcalc/bigintcalc.sty)))
[LATEX-OUT] (/usr/share/texmf-dist/tex/latex/hyperref/hpdftex.def
[LATEX-OUT] (/usr/share/texmf-dist/tex/latex/rerunfilecheck/rerunfilecheck.sty
[LATEX-OUT] (/usr/share/texmf-dist/tex/generic/uniquecounter/uniquecounter.sty)))
[LATEX-OUT] (/usr/share/texmf-dist/tex/latex/fontawesome5/fontawesome5.sty
[LATEX-OUT] (/usr/share/texmf-dist/tex/latex/l3packages/l3keys2e/l3keys2e.sty)
[LATEX-OUT] (/usr/share/texmf-dist/tex/latex/fontawesome5/fontawesome5-generic-helper.sty
[LATEX-OUT] (/usr/share/texmf-dist/tex/latex/fontawesome5/fontawesome5-mapping.def)))
[LATEX-OUT] (./cv.aux) (/usr/share/texmf-dist/tex/context/base/mkii/supp-pdf.mkii
[LATEX-OUT] [Loading MPS to PDF converter (version 2006.09.02).]
[LATEX-OUT] ) (/usr/share/texmf-dist/tex/latex/epstopdf-pkg/epstopdf-base.sty
[LATEX-OUT] (/usr/share/texmf-dist/tex/latex/latexconfig/epstopdf-sys.cfg))
[LATEX-OUT] *geometry* driver: auto-detecting
[LATEX-OUT] *geometry* detected driver: pdftex
[LATEX-OUT] (/usr/share/texmf-dist/tex/latex/biblatex/lbx/english.lbx)
[LATEX-OUT] No file cv.bbl.
[LATEX-OUT] (./cv.out) (./cv.out)
[LATEX-OUT] (/usr/share/texmf-dist/tex/latex/fontawesome5/ufontawesomefree1.fd) [1{/var/lib
[LATEX-OUT] /texmf/fonts/map/pdftex/updmap/pdftex.map}{/usr/share/texmf-dist/fonts/enc/dvip
[LATEX-OUT] s/fontawesome5/fa5free1.enc}] (./cv.aux) )</usr/share/texmf-dist/fonts/type1/pu
[LATEX-OUT] blic/fontawesome5/FontAwesome5Free-Solid.pfb></usr/share/texmf-dist/fonts/type1
[LATEX-OUT] /public/amsfonts/cm/cmr10.pfb></usr/share/texmf-dist/fonts/type1/public/amsfont
[LATEX-OUT] s/cm/cmr12.pfb></usr/share/texmf-dist/fonts/type1/public/amsfonts/cm/cmr17.pfb>
[LATEX-OUT] </usr/share/texmf-dist/fonts/type1/public/amsfonts/cm/cmsy10.pfb>
[LATEX-OUT] Output written on cv.pdf (1 page, 50656 bytes).
[LATEX-OUT] Transcript written on cv.log.
[INFO] ------------------------------------------------------------------------
[INFO] BUILD FAILURE
[INFO] ------------------------------------------------------------------------
[INFO] Total time:  02:58 min
[INFO] Finished at: 2026-03-05T23:27:31+05:30
[INFO] ------------------------------------------------------------------------
[ERROR] Failed to execute goal org.springframework.boot:spring-boot-maven-plugin:3.2.3:run (default-cli) on project resume-maker: Process terminated with exit code: 137 -> [Help 1]
[ERROR] 
[ERROR] To see the full stack trace of the errors, re-run Maven with the -e switch.
[ERROR] Re-run Maven using the -X switch to enable full debug logging.
[ERROR] 
[ERROR] For more information about the errors and possible solutions, please read the following articles:
[ERROR] [Help 1] http://cwiki.apache.org/confluence/display/MAVEN/MojoExecutionException
